<?xml version="1.0" encoding="UTF-8"?>
<!-- Generated by org.testng.reporters.JUnitXMLReporter -->
<testsuite hostname="DESKTOP-99DE6OF" ignored="0" name="ChromeTest" tests="1" failures="1" timestamp="07 Aug 2018 20:38:15 GMT" time="29.285" errors="0">
  <testcase name="NoResultsFound" time="11.116" classname="tests.BlogTest">
    <failure type="java.lang.AssertionError" message="expected [true] but found [false]">
      <![CDATA[java.lang.AssertionError: expected [true] but found [false]
at tests.BlogTest.NoResultsFound(BlogTest.java:33)
... Removed 29 stack frames]]>
    </failure>
  </testcase> <!-- NoResultsFound -->
</testsuite> <!-- ChromeTest -->
